[debug] [2025-02-17T12:42:14.968Z] ----------------------------------------------------------------------
[debug] [2025-02-17T12:42:14.969Z] Command:       C:\nvm4w\nodejs\node.exe C:\nvm4w\nodejs\node_modules\firebase-tools\lib\bin\firebase.js init
[debug] [2025-02-17T12:42:14.970Z] CLI Version:   13.31.1
[debug] [2025-02-17T12:42:14.970Z] Platform:      win32
[debug] [2025-02-17T12:42:14.970Z] Node Version:  v18.20.6
[debug] [2025-02-17T12:42:14.970Z] Time:          Mon Feb 17 2025 16:42:14 GMT+0400 (Mauritius Standard Time)
[debug] [2025-02-17T12:42:14.971Z] ----------------------------------------------------------------------
[debug] 
[debug] [2025-02-17T12:42:14.975Z] > command requires scopes: ["email","openid","https://www.googleapis.com/auth/cloudplatformprojects.readonly","https://www.googleapis.com/auth/firebase","https://www.googleapis.com/auth/cloud-platform"]
[debug] [2025-02-17T12:42:14.976Z] > authorizing via signed-in user (benbeedessy15@gmail.com)
[info] 
     ######## #### ########  ######## ########     ###     ######  ########
     ##        ##  ##     ## ##       ##     ##  ##   ##  ##       ##
     ######    ##  ########  ######   ########  #########  ######  ######
     ##        ##  ##    ##  ##       ##     ## ##     ##       ## ##
     ##       #### ##     ## ######## ########  ##     ##  ######  ########

You're about to initialize a Firebase project in this directory:

  C:\Users\veer\Documents\GitHub\portfolio\my-portfolio

[info] 
=== Project Setup
[info] 
[info] First, let's associate this project directory with a Firebase project.
[info] You can create multiple project aliases by running firebase use --add, 
[info] but for now we'll just set up a default project.
[info] 
[info] i  If you want to create a project in a Google Cloud organization or folder, please use "firebase projects:create" instead, and return to this command when you've created the project. 
[debug] [2025-02-17T12:43:07.806Z] Checked if tokens are valid: true, expires at: 1739799662159
[debug] [2025-02-17T12:43:07.806Z] Checked if tokens are valid: true, expires at: 1739799662159
[debug] [2025-02-17T12:43:07.808Z] >>> [apiv2][query] POST https://cloudresourcemanager.googleapis.com/v1/projects [none]
[debug] [2025-02-17T12:43:07.808Z] >>> [apiv2][body] POST https://cloudresourcemanager.googleapis.com/v1/projects {"projectId":"PROJECT-PORT","name":"PROJECT-PORT"}
[debug] [2025-02-17T12:43:09.898Z] <<< [apiv2][status] POST https://cloudresourcemanager.googleapis.com/v1/projects 400
[debug] [2025-02-17T12:43:09.898Z] <<< [apiv2][body] POST https://cloudresourcemanager.googleapis.com/v1/projects {"error":{"code":400,"message":"field [project_id] has issue [project_id contains invalid characters]","status":"INVALID_ARGUMENT","details":[{"@type":"type.googleapis.com/google.rpc.BadRequest","fieldViolations":[{"field":"project_id","description":"project_id contains invalid characters"}]},{"@type":"type.googleapis.com/google.rpc.Help","links":[{"url":"https://cloud.google.com/resource-manager/reference/rest/v1/projects"}]}]}}
[debug] [2025-02-17T12:43:10.429Z] FirebaseError: Request to https://cloudresourcemanager.googleapis.com/v1/projects had HTTP Error: 400, field [project_id] has issue [project_id contains invalid characters]
    at responseToError (C:\Users\veer\AppData\Local\nvm\v18.20.6\node_modules\firebase-tools\lib\responseToError.js:52:12)
    at RetryOperation._fn (C:\Users\veer\AppData\Local\nvm\v18.20.6\node_modules\firebase-tools\lib\apiv2.js:312:77)
    at process.processTicksAndRejections (node:internal/process/task_queues:95:5)
[error] 
[error] Error: Failed to create project. See firebase-debug.log for more info.
